
        ==========     _____ _    _ ____  _____  ______          _____  
        =====         / ____| |  | |  _ \|  __ \|  ____|   /\   |  __ \ 
          =====      | (___ | |  | | |_) | |__) | |__     /  \  | |  | |
            ====      \___ \| |  | |  _ <|  _  /|  __|   / /\ \ | |  | |
              ====    ____) | |__| | |_) | | \ \| |____ / ____ \| |__| |
        ==========   |_____/ \____/|____/|_|  \_\______/_/    \_\_____/
	  v2.0.1

//========================== featureCounts setting ===========================\\
||                                                                            ||
||             Input files : 16 BAM files                                     ||
||                           o SRR7821918_sorted.bam                          ||
||                           o SRR7821919_sorted.bam                          ||
||                           o SRR7821920_sorted.bam                          ||
||                           o SRR7821921_sorted.bam                          ||
||                           o SRR7821922_sorted.bam                          ||
||                           o SRR7821937_sorted.bam                          ||
||                           o SRR7821938_sorted.bam                          ||
||                           o SRR7821939_sorted.bam                          ||
||                           o SRR7821949_sorted.bam                          ||
||                           o SRR7821950_sorted.bam                          ||
||                           o SRR7821951_sorted.bam                          ||
||                           o SRR7821952_sorted.bam                          ||
||                           o SRR7821953_sorted.bam                          ||
||                           o SRR7821968_sorted.bam                          ||
||                           o SRR7821969_sorted.bam                          ||
||                           o SRR7821970_sorted.bam                          ||
||                                                                            ||
||             Output file : count.txt                                        ||
||                 Summary : count.txt.summary                                ||
||              Annotation : Mus_musculus.GRCm39.108.gtf.gz (GTF)             ||
||      Dir for temp files : ./                                               ||
||                                                                            ||
||                 Threads : 4                                                ||
||                   Level : meta-feature level                               ||
||              Paired-end : yes                                              ||
||      Multimapping reads : not counted                                      ||
|| Multi-overlapping reads : not counted                                      ||
||   Min overlapping bases : 1                                                ||
||                                                                            ||
||          Chimeric reads : not counted                                      ||
||        Both ends mapped : not required                                     ||
||                                                                            ||
\\============================================================================//

//================================= Running ==================================\\
||                                                                            ||
|| Load annotation file Mus_musculus.GRCm39.108.gtf.gz ...                    ||
||    Features : 868961                                                       ||
||    Meta-features : 56980                                                   ||
||    Chromosomes/contigs : 39                                                ||
||                                                                            ||
|| Process BAM file SRR7821918_sorted.bam...                                  ||
||    Strand specific : reversely stranded                                    ||
||    Paired-end reads are included.                                          ||
||    Total alignments : 41586459                                             ||
||    Successfully assigned alignments : 29688621 (71.4%)                     ||
||    Running time : 0.58 minutes                                             ||
||                                                                            ||
|| Process BAM file SRR7821919_sorted.bam...                                  ||
||    Strand specific : reversely stranded                                    ||
||    Paired-end reads are included.                                          ||
||    Total alignments : 41869214                                             ||
||    Successfully assigned alignments : 29231080 (69.8%)                     ||
||    Running time : 0.58 minutes                                             ||
||                                                                            ||
|| Process BAM file SRR7821920_sorted.bam...                                  ||
||    Strand specific : reversely stranded                                    ||
||    Paired-end reads are included.                                          ||
||    Total alignments : 48227824                                             ||
||    Successfully assigned alignments : 29106169 (60.4%)                     ||
||    Running time : 1.09 minutes                                             ||
||                                                                            ||
|| Process BAM file SRR7821921_sorted.bam...                                  ||
||    Strand specific : reversely stranded                                    ||
||    Paired-end reads are included.                                          ||
||    Total alignments : 46897720                                             ||
||    Successfully assigned alignments : 32588592 (69.5%)                     ||
||    Running time : 0.68 minutes                                             ||
||                                                                            ||
|| Process BAM file SRR7821922_sorted.bam...                                  ||
||    Strand specific : reversely stranded                                    ||
||    Paired-end reads are included.                                          ||
||    Total alignments : 44012657                                             ||
||    Successfully assigned alignments : 30114600 (68.4%)                     ||
||    Running time : 0.62 minutes                                             ||
||                                                                            ||
|| Process BAM file SRR7821937_sorted.bam...                                  ||
||    Strand specific : reversely stranded                                    ||
||    Paired-end reads are included.                                          ||
||    Total alignments : 51124631                                             ||
||    Successfully assigned alignments : 36297267 (71.0%)                     ||
||    Running time : 0.81 minutes                                             ||
||                                                                            ||
|| Process BAM file SRR7821938_sorted.bam...                                  ||
||    Strand specific : reversely stranded                                    ||
||    Paired-end reads are included.                                          ||
||    Total alignments : 45083221                                             ||
||    Successfully assigned alignments : 34803115 (77.2%)                     ||
||    Running time : 0.63 minutes                                             ||
||                                                                            ||
|| Process BAM file SRR7821939_sorted.bam...                                  ||
||    Strand specific : reversely stranded                                    ||
||    Paired-end reads are included.                                          ||
||    Total alignments : 53157407                                             ||
||    Successfully assigned alignments : 37737177 (71.0%)                     ||
||    Running time : 1.05 minutes                                             ||
||                                                                            ||
|| Process BAM file SRR7821949_sorted.bam...                                  ||
||    Strand specific : reversely stranded                                    ||
||    Paired-end reads are included.                                          ||
||    Total alignments : 34988689                                             ||
||    Successfully assigned alignments : 22439680 (64.1%)                     ||
||    Running time : 0.60 minutes                                             ||
||                                                                            ||
|| Process BAM file SRR7821950_sorted.bam...                                  ||
||    Strand specific : reversely stranded                                    ||
||    Paired-end reads are included.                                          ||
||    Total alignments : 26226636                                             ||
||    Successfully assigned alignments : 17020057 (64.9%)                     ||
||    Running time : 0.41 minutes                                             ||
||                                                                            ||
|| Process BAM file SRR7821951_sorted.bam...                                  ||
||    Strand specific : reversely stranded                                    ||
||    Paired-end reads are included.                                          ||
||    Total alignments : 38847927                                             ||
||    Successfully assigned alignments : 24998607 (64.3%)                     ||
||    Running time : 0.56 minutes                                             ||
||                                                                            ||
|| Process BAM file SRR7821952_sorted.bam...                                  ||
||    Strand specific : reversely stranded                                    ||
||    Paired-end reads are included.                                          ||
||    Total alignments : 27034244                                             ||
||    Successfully assigned alignments : 17559320 (65.0%)                     ||
||    Running time : 0.48 minutes                                             ||
||                                                                            ||
|| Process BAM file SRR7821953_sorted.bam...                                  ||
||    Strand specific : reversely stranded                                    ||
||    Paired-end reads are included.                                          ||
||    Total alignments : 25164298                                             ||
||    Successfully assigned alignments : 16097921 (64.0%)                     ||
||    Running time : 0.43 minutes                                             ||
||                                                                            ||
|| Process BAM file SRR7821968_sorted.bam...                                  ||
||    Strand specific : reversely stranded                                    ||
||    Paired-end reads are included.                                          ||
||    Total alignments : 37840185                                             ||
||    Successfully assigned alignments : 20063942 (53.0%)                     ||
||    Running time : 0.95 minutes                                             ||
||                                                                            ||
|| Process BAM file SRR7821969_sorted.bam...                                  ||
||    Strand specific : reversely stranded                                    ||
||    Paired-end reads are included.                                          ||
||    Total alignments : 22606606                                             ||
||    Successfully assigned alignments : 12838828 (56.8%)                     ||
||    Running time : 0.58 minutes                                             ||
||                                                                            ||
|| Process BAM file SRR7821970_sorted.bam...                                  ||
||    Strand specific : reversely stranded                                    ||
||    Paired-end reads are included.                                          ||
||    Total alignments : 31288311                                             ||
||    Successfully assigned alignments : 16645910 (53.2%)                     ||
||    Running time : 0.92 minutes                                             ||
||                                                                            ||
|| Write the final count table.                                               ||
|| Write the read assignment summary.                                         ||
||                                                                            ||
|| Summary of counting results can be found in file "count.txt.summary"       ||
||                                                                            ||
\\============================================================================//

